# JRE version: OpenJDK Runtime Environment (17.0.6) (build 17.0.6+0-b2043.56-10027231)
# Java VM: OpenJDK 64-Bit Server VM (17.0.6+0-b2043.56-10027231, mixed mode, tiered, compressed oops, compressed class ptrs, g1 gc, windows-amd64)
GC Precious Log:
 CPUs: 4 total, 4 available
 Memory: 8083M
 Large Page Support: Disabled
 NUMA Support: Disabled
 Compressed Oops: Enabled (32-bit)
 Heap Region Size: 1M
 Heap Min Capacity: 8M
 Heap Initial Capacity: 128M
 Heap Max Capacity: 2G
 Pre-touch: Disabled
 Parallel Workers: 4
 Concurrent Workers: 1
 Concurrent Refinement Workers: 4
 Periodic GC: Disabled
Heap:
 garbage-first heap   total 173056K, used 103741K [0x0000000080000000, 0x0000000100000000)
  region size 1024K, 4 young (4096K), 1 survivors (1024K)
 Metaspace       used 79856K, committed 80512K, reserved 1122304K
  class space    used 10644K, committed 10944K, reserved 1048576K
GC Heap History (20 events):
Event: 24.231 GC heap before
{Heap before GC invocations=29 (full 0):
 garbage-first heap   total 144384K, used 111031K [0x0000000080000000, 0x0000000100000000)
  region size 1024K, 45 young (46080K), 6 survivors (6144K)
 Metaspace       used 62756K, committed 63360K, reserved 1105920K
  class space    used 8367K, committed 8640K, reserved 1048576K
}
Event: 24.249 GC heap after
{Heap after GC invocations=30 (full 0):
 garbage-first heap   total 144384K, used 75877K [0x0000000080000000, 0x0000000100000000)
  region size 1024K, 5 young (5120K), 5 survivors (5120K)
 Metaspace       used 62756K, committed 63360K, reserved 1105920K
  class space    used 8367K, committed 8640K, reserved 1048576K
}
Event: 24.380 GC heap before
{Heap before GC invocations=31 (full 0):
 garbage-first heap   total 144384K, used 83045K [0x0000000080000000, 0x0000000100000000)
  region size 1024K, 10 young (10240K), 5 survivors (5120K)
 Metaspace       used 62866K, committed 63488K, reserved 1105920K
  class space    used 8381K, committed 8640K, reserved 1048576K
}
Event: 24.388 GC heap after
{Heap after GC invocations=32 (full 0):
 garbage-first heap   total 144384K, used 81865K [0x0000000080000000, 0x0000000100000000)
  region size 1024K, 2 young (2048K), 2 survivors (2048K)
 Metaspace       used 62866K, committed 63488K, reserved 1105920K
  class space    used 8381K, committed 8640K, reserved 1048576K
}
Event: 24.567 GC heap before
{Heap before GC invocations=33 (full 0):
 garbage-first heap   total 145408K, used 93129K [0x0000000080000000, 0x0000000100000000)
  region size 1024K, 9 young (9216K), 2 survivors (2048K)
 Metaspace       used 63162K, committed 63744K, reserved 1105920K
  class space    used 8433K, committed 8704K, reserved 1048576K
}
Event: 24.570 GC heap after
{Heap after GC invocations=34 (full 0):
 garbage-first heap   total 145408K, used 90147K [0x0000000080000000, 0x0000000100000000)
  region size 1024K, 4 young (4096K), 4 survivors (4096K)
 Metaspace       used 63162K, committed 63744K, reserved 1105920K
  class space    used 8433K, committed 8704K, reserved 1048576K
}
Event: 25.216 GC heap before
{Heap before GC invocations=35 (full 0):
 garbage-first heap   total 158720K, used 113699K [0x0000000080000000, 0x0000000100000000)
  region size 1024K, 26 young (26624K), 4 survivors (4096K)
 Metaspace       used 65754K, committed 66432K, reserved 1114112K
  class space    used 8793K, committed 9088K, reserved 1048576K
}
Event: 25.221 GC heap after
{Heap after GC invocations=36 (full 0):
 garbage-first heap   total 158720K, used 93109K [0x0000000080000000, 0x0000000100000000)
  region size 1024K, 3 young (3072K), 3 survivors (3072K)
 Metaspace       used 65754K, committed 66432K, reserved 1114112K
  class space    used 8793K, committed 9088K, reserved 1048576K
}
Event: 26.255 GC heap before
{Heap before GC invocations=36 (full 0):
 garbage-first heap   total 158720K, used 119733K [0x0000000080000000, 0x0000000100000000)
  region size 1024K, 30 young (30720K), 3 survivors (3072K)
 Metaspace       used 70505K, committed 71168K, reserved 1114112K
  class space    used 9382K, committed 9664K, reserved 1048576K
}
Event: 26.260 GC heap after
{Heap after GC invocations=37 (full 0):
 garbage-first heap   total 158720K, used 94369K [0x0000000080000000, 0x0000000100000000)
  region size 1024K, 2 young (2048K), 2 survivors (2048K)
 Metaspace       used 70505K, committed 71168K, reserved 1114112K
  class space    used 9382K, committed 9664K, reserved 1048576K
}
Event: 26.823 GC heap before
{Heap before GC invocations=38 (full 0):
 garbage-first heap   total 165888K, used 128161K [0x0000000080000000, 0x0000000100000000)
  region size 1024K, 29 young (29696K), 2 survivors (2048K)
 Metaspace       used 72221K, committed 72896K, reserved 1114112K
  class space    used 9653K, committed 9920K, reserved 1048576K
}
Event: 26.831 GC heap after
{Heap after GC invocations=39 (full 0):
 garbage-first heap   total 165888K, used 97663K [0x0000000080000000, 0x0000000100000000)
  region size 1024K, 4 young (4096K), 4 survivors (4096K)
 Metaspace       used 72221K, committed 72896K, reserved 1114112K
  class space    used 9653K, committed 9920K, reserved 1048576K
}
Event: 26.935 GC heap before
{Heap before GC invocations=39 (full 0):
 garbage-first heap   total 165888K, used 101759K [0x0000000080000000, 0x0000000100000000)
  region size 1024K, 8 young (8192K), 4 survivors (4096K)
 Metaspace       used 72861K, committed 73536K, reserved 1114112K
  class space    used 9713K, committed 9984K, reserved 1048576K
}
Event: 26.941 GC heap after
{Heap after GC invocations=40 (full 0):
 garbage-first heap   total 165888K, used 98286K [0x0000000080000000, 0x0000000100000000)
  region size 1024K, 1 young (1024K), 1 survivors (1024K)
 Metaspace       used 72861K, committed 73536K, reserved 1114112K
  class space    used 9713K, committed 9984K, reserved 1048576K
}
Event: 27.570 GC heap before
{Heap before GC invocations=40 (full 0):
 garbage-first heap   total 165888K, used 129006K [0x0000000080000000, 0x0000000100000000)
  region size 1024K, 31 young (31744K), 1 survivors (1024K)
 Metaspace       used 75688K, committed 76352K, reserved 1122304K
  class space    used 10081K, committed 10368K, reserved 1048576K
}
Event: 27.574 GC heap after
{Heap after GC invocations=41 (full 0):
 garbage-first heap   total 165888K, used 99875K [0x0000000080000000, 0x0000000100000000)
  region size 1024K, 3 young (3072K), 3 survivors (3072K)
 Metaspace       used 75688K, committed 76352K, reserved 1122304K
  class space    used 10081K, committed 10368K, reserved 1048576K
}
Event: 28.609 GC heap before
{Heap before GC invocations=42 (full 0):
 garbage-first heap   total 173056K, used 131619K [0x0000000080000000, 0x0000000100000000)
  region size 1024K, 34 young (34816K), 3 survivors (3072K)
 Metaspace       used 79115K, committed 79744K, reserved 1122304K
  class space    used 10529K, committed 10816K, reserved 1048576K
}
Event: 28.616 GC heap after
{Heap after GC invocations=43 (full 0):
 garbage-first heap   total 173056K, used 102084K [0x0000000080000000, 0x0000000100000000)
  region size 1024K, 5 young (5120K), 5 survivors (5120K)
 Metaspace       used 79115K, committed 79744K, reserved 1122304K
  class space    used 10529K, committed 10816K, reserved 1048576K
}
Event: 28.798 GC heap before
{Heap before GC invocations=43 (full 0):
 garbage-first heap   total 173056K, used 104132K [0x0000000080000000, 0x0000000100000000)
  region size 1024K, 8 young (8192K), 5 survivors (5120K)
 Metaspace       used 79486K, committed 80128K, reserved 1122304K
  class space    used 10594K, committed 10880K, reserved 1048576K
}
Event: 28.816 GC heap after
{Heap after GC invocations=44 (full 0):
 garbage-first heap   total 173056K, used 101693K [0x0000000080000000, 0x0000000100000000)
  region size 1024K, 1 young (1024K), 1 survivors (1024K)
 Metaspace       used 79486K, committed 80128K, reserved 1122304K
  class space    used 10594K, committed 10880K, reserved 1048576K
}

